debraj1@ohaton:~/clobber/debraj92/CombinatorialGame-Clobber>python3 alpha_clo.py BW B 1
B 0-1 0.0001125335693359375 1

debraj1@ohaton:~/clobber/debraj92/CombinatorialGame-Clobber>python3 alpha_clo.py BW W 1
W 1-0 0.00012087821960449219 1

debraj1@ohaton:~/clobber/debraj92/CombinatorialGame-Clobber>python3 alpha_clo.py BB W 1
B None 9.369850158691406e-05 0

debraj1@ohaton:~/clobber/debraj92/CombinatorialGame-Clobber>python3 alpha_clo.py BWBWBW B 1
W None 0.0002722740173339844 7

debraj1@ohaton:~/clobber/debraj92/CombinatorialGame-Clobber>python3 alpha_clo.py BWBWBW W 1
B None 0.00025272369384765625 6

debraj1@ohaton:~/clobber/debraj92/CombinatorialGame-Clobber>python3 alpha_clo.py BBBW.BWW B 1
B 5-6 0.0003235340118408203 7

debraj1@ohaton:~/clobber/debraj92/CombinatorialGame-Clobber>python3 alpha_clo.py BBBW.BWW W 1
W 3-2 0.0002422332763671875 4

debraj1@ohaton:~/clobber/debraj92/CombinatorialGame-Clobber>python3 alpha_clo.py BWBWBWBWBWBW B 1
B 6-5 0.002960205078125 68

debraj1@ohaton:~/clobber/debraj92/CombinatorialGame-Clobber>python3 alpha_clo.py BWBWBWBWBWBW W 1
W 5-6 0.004551410675048828 135

debraj1@ohaton:~/clobber/debraj92/CombinatorialGame-Clobber>python3 alpha_clo.py BWBWBWBWBWBWBWBWBW B 1
B 2-1 0.06541562080383301 2161

debraj1@ohaton:~/clobber/debraj92/CombinatorialGame-Clobber>python3 alpha_clo.py BWBWBWBWBWBWBWBWBW W 1
W 15-14 0.06614446640014648 2234

debraj1@ohaton:~/clobber/debraj92/CombinatorialGame-Clobber>python3 alpha_clo.py BWBWBWB.WBWBWBW B 1
W None 0.0002219676971435547 0

debraj1@ohaton:~/clobber/debraj92/CombinatorialGame-Clobber>python3 alpha_clo.py BWBWBWB.WBWBWBW W 1
B None 0.000225067138671875 0

debraj1@ohaton:~/clobber/debraj92/CombinatorialGame-Clobber>python3 alpha_clo.py BWBWBWBWBWBWBWBWBWBWB B 1
? None 0.980025053024292 29731

debraj1@ohaton:~/clobber/debraj92/CombinatorialGame-Clobber>python3 alpha_clo.py BWBWBWBWBWBWBWBWBWBWB W 1
W 3-4 0.3044624328613281 8877